# JRE version: OpenJDK Runtime Environment (8.0_152-b01) (build 1.8.0_152-release-1248-b01)
# Java VM: OpenJDK 64-Bit Server VM (25.152-b01 mixed mode windows-amd64 compressed oops)
Heap:
 PSYoungGen      total 322048K, used 20259K [0x00000000e0000000, 0x00000000f7b80000, 0x0000000100000000)
  eden space 288768K, 0% used [0x00000000e0000000,0x00000000e0000000,0x00000000f1a00000)
  from space 33280K, 60% used [0x00000000f3a80000,0x00000000f4e48eb0,0x00000000f5b00000)
  to   space 33280K, 0% used [0x00000000f1a00000,0x00000000f1a00000,0x00000000f3a80000)
 ParOldGen       total 156160K, used 48242K [0x00000000a0000000, 0x00000000a9880000, 0x00000000e0000000)
  object space 156160K, 30% used [0x00000000a0000000,0x00000000a2f1c880,0x00000000a9880000)
 Metaspace       used 95187K, capacity 98466K, committed 98496K, reserved 1134592K
  class space    used 12052K, capacity 12772K, committed 12800K, reserved 1048576K
GC Heap History (10 events):
Event: 5325.727 GC heap after
Heap after GC invocations=17 (full 3):
 PSYoungGen      total 233984K, used 24243K [0x00000000e0000000, 0x00000000f3800000, 0x0000000100000000)
  eden space 209408K, 0% used [0x00000000e0000000,0x00000000e0000000,0x00000000ecc80000)
  from space 24576K, 98% used [0x00000000f2000000,0x00000000f37acc70,0x00000000f3800000)
  to   space 31232K, 0% used [0x00000000efb00000,0x00000000efb00000,0x00000000f1980000)
 ParOldGen       total 156160K, used 48210K [0x00000000a0000000, 0x00000000a9880000, 0x00000000e0000000)
  object space 156160K, 30% used [0x00000000a0000000,0x00000000a2f14880,0x00000000a9880000)
 Metaspace       used 74713K, capacity 76958K, committed 77056K, reserved 1116160K
  class space    used 9640K, capacity 10210K, committed 10240K, reserved 1048576K
}
Event: 5340.358 GC heap before
{Heap before GC invocations=18 (full 3):
 PSYoungGen      total 233984K, used 233320K [0x00000000e0000000, 0x00000000f3800000, 0x0000000100000000)
  eden space 209408K, 99% used [0x00000000e0000000,0x00000000ecc2d6d0,0x00000000ecc80000)
  from space 24576K, 98% used [0x00000000f2000000,0x00000000f37acc70,0x00000000f3800000)
  to   space 31232K, 0% used [0x00000000efb00000,0x00000000efb00000,0x00000000f1980000)
 ParOldGen       total 156160K, used 48210K [0x00000000a0000000, 0x00000000a9880000, 0x00000000e0000000)
  object space 156160K, 30% used [0x00000000a0000000,0x00000000a2f14880,0x00000000a9880000)
 Metaspace       used 84680K, capacity 87020K, committed 87168K, reserved 1124352K
  class space    used 10771K, capacity 11363K, committed 11392K, reserved 1048576K
Event: 5340.481 GC heap after
Heap after GC invocations=18 (full 3):
 PSYoungGen      total 223744K, used 20891K [0x00000000e0000000, 0x00000000f2080000, 0x0000000100000000)
  eden space 202752K, 0% used [0x00000000e0000000,0x00000000e0000000,0x00000000ec600000)
  from space 20992K, 99% used [0x00000000efb00000,0x00000000f0f66e80,0x00000000f0f80000)
  to   space 17408K, 0% used [0x00000000f0f80000,0x00000000f0f80000,0x00000000f2080000)
 ParOldGen       total 156160K, used 48218K [0x00000000a0000000, 0x00000000a9880000, 0x00000000e0000000)
  object space 156160K, 30% used [0x00000000a0000000,0x00000000a2f16880,0x00000000a9880000)
 Metaspace       used 84680K, capacity 87020K, committed 87168K, reserved 1124352K
  class space    used 10771K, capacity 11363K, committed 11392K, reserved 1048576K
}
Event: 5342.044 GC heap before
{Heap before GC invocations=19 (full 3):
 PSYoungGen      total 223744K, used 223643K [0x00000000e0000000, 0x00000000f2080000, 0x0000000100000000)
  eden space 202752K, 100% used [0x00000000e0000000,0x00000000ec600000,0x00000000ec600000)
  from space 20992K, 99% used [0x00000000efb00000,0x00000000f0f66e80,0x00000000f0f80000)
  to   space 17408K, 0% used [0x00000000f0f80000,0x00000000f0f80000,0x00000000f2080000)
 ParOldGen       total 156160K, used 48218K [0x00000000a0000000, 0x00000000a9880000, 0x00000000e0000000)
  object space 156160K, 30% used [0x00000000a0000000,0x00000000a2f16880,0x00000000a9880000)
 Metaspace       used 84965K, capacity 87406K, committed 87808K, reserved 1126400K
  class space    used 10808K, capacity 11404K, committed 11520K, reserved 1048576K
Event: 5342.106 GC heap after
Heap after GC invocations=19 (full 3):
 PSYoungGen      total 265216K, used 14208K [0x00000000e0000000, 0x00000000f3600000, 0x0000000100000000)
  eden space 247808K, 0% used [0x00000000e0000000,0x00000000e0000000,0x00000000ef200000)
  from space 17408K, 81% used [0x00000000f0f80000,0x00000000f1d60340,0x00000000f2080000)
  to   space 30208K, 0% used [0x00000000ef200000,0x00000000ef200000,0x00000000f0f80000)
 ParOldGen       total 156160K, used 48226K [0x00000000a0000000, 0x00000000a9880000, 0x00000000e0000000)
  object space 156160K, 30% used [0x00000000a0000000,0x00000000a2f18880,0x00000000a9880000)
 Metaspace       used 84965K, capacity 87406K, committed 87808K, reserved 1126400K
  class space    used 10808K, capacity 11404K, committed 11520K, reserved 1048576K
}
Event: 5349.431 GC heap before
{Heap before GC invocations=20 (full 3):
 PSYoungGen      total 265216K, used 262016K [0x00000000e0000000, 0x00000000f3600000, 0x0000000100000000)
  eden space 247808K, 100% used [0x00000000e0000000,0x00000000ef200000,0x00000000ef200000)
  from space 17408K, 81% used [0x00000000f0f80000,0x00000000f1d60340,0x00000000f2080000)
  to   space 30208K, 0% used [0x00000000ef200000,0x00000000ef200000,0x00000000f0f80000)
 ParOldGen       total 156160K, used 48226K [0x00000000a0000000, 0x00000000a9880000, 0x00000000e0000000)
  object space 156160K, 30% used [0x00000000a0000000,0x00000000a2f18880,0x00000000a9880000)
 Metaspace       used 94520K, capacity 97598K, committed 97664K, reserved 1134592K
  class space    used 11971K, capacity 12656K, committed 12672K, reserved 1048576K
Event: 5349.485 GC heap after
Heap after GC invocations=20 (full 3):
 PSYoungGen      total 278016K, used 25914K [0x00000000e0000000, 0x00000000f5b00000, 0x0000000100000000)
  eden space 247808K, 0% used [0x00000000e0000000,0x00000000e0000000,0x00000000ef200000)
  from space 30208K, 85% used [0x00000000ef200000,0x00000000f0b4ea98,0x00000000f0f80000)
  to   space 33280K, 0% used [0x00000000f3a80000,0x00000000f3a80000,0x00000000f5b00000)
 ParOldGen       total 156160K, used 48234K [0x00000000a0000000, 0x00000000a9880000, 0x00000000e0000000)
  object space 156160K, 30% used [0x00000000a0000000,0x00000000a2f1a880,0x00000000a9880000)
 Metaspace       used 94520K, capacity 97598K, committed 97664K, reserved 1134592K
  class space    used 11971K, capacity 12656K, committed 12672K, reserved 1048576K
}
Event: 5349.738 GC heap before
{Heap before GC invocations=21 (full 3):
 PSYoungGen      total 278016K, used 37732K [0x00000000e0000000, 0x00000000f5b00000, 0x0000000100000000)
  eden space 247808K, 4% used [0x00000000e0000000,0x00000000e0b8a8e0,0x00000000ef200000)
  from space 30208K, 85% used [0x00000000ef200000,0x00000000f0b4ea98,0x00000000f0f80000)
  to   space 33280K, 0% used [0x00000000f3a80000,0x00000000f3a80000,0x00000000f5b00000)
 ParOldGen       total 156160K, used 48234K [0x00000000a0000000, 0x00000000a9880000, 0x00000000e0000000)
  object space 156160K, 30% used [0x00000000a0000000,0x00000000a2f1a880,0x00000000a9880000)
 Metaspace       used 95187K, capacity 98466K, committed 98496K, reserved 1134592K
  class space    used 12052K, capacity 12772K, committed 12800K, reserved 1048576K
Event: 5349.799 GC heap after
Heap after GC invocations=21 (full 3):
 PSYoungGen      total 322048K, used 20259K [0x00000000e0000000, 0x00000000f7b80000, 0x0000000100000000)
  eden space 288768K, 0% used [0x00000000e0000000,0x00000000e0000000,0x00000000f1a00000)
  from space 33280K, 60% used [0x00000000f3a80000,0x00000000f4e48eb0,0x00000000f5b00000)
  to   space 33280K, 0% used [0x00000000f1a00000,0x00000000f1a00000,0x00000000f3a80000)
 ParOldGen       total 156160K, used 48242K [0x00000000a0000000, 0x00000000a9880000, 0x00000000e0000000)
  object space 156160K, 30% used [0x00000000a0000000,0x00000000a2f1c880,0x00000000a9880000)
 Metaspace       used 95187K, capacity 98466K, committed 98496K, reserved 1134592K
  class space    used 12052K, capacity 12772K, committed 12800K, reserved 1048576K
}
Event: 5349.799 GC heap before
{Heap before GC invocations=22 (full 4):
 PSYoungGen      total 322048K, used 20259K [0x00000000e0000000, 0x00000000f7b80000, 0x0000000100000000)
  eden space 288768K, 0% used [0x00000000e0000000,0x00000000e0000000,0x00000000f1a00000)
  from space 33280K, 60% used [0x00000000f3a80000,0x00000000f4e48eb0,0x00000000f5b00000)
  to   space 33280K, 0% used [0x00000000f1a00000,0x00000000f1a00000,0x00000000f3a80000)
 ParOldGen       total 156160K, used 48242K [0x00000000a0000000, 0x00000000a9880000, 0x00000000e0000000)
  object space 156160K, 30% used [0x00000000a0000000,0x00000000a2f1c880,0x00000000a9880000)
 Metaspace       used 95187K, capacity 98466K, committed 98496K, reserved 1134592K
  class space    used 12052K, capacity 12772K, committed 12800K, reserved 1048576K

